[0m06:17:58.720390 [debug] [MainThread]: Sending event: {'category': 'dbt', 'action': 'invocation', 'label': 'start', 'context': [<snowplow_tracker.self_describing_json.SelfDescribingJson object at 0x0000026CE86CBEB0>, <snowplow_tracker.self_describing_json.SelfDescribingJson object at 0x0000026CEB5CDAC0>, <snowplow_tracker.self_describing_json.SelfDescribingJson object at 0x0000026CEB5CD3D0>]}


============================== 06:17:58.731932 | 40ddba79-6aa0-4a1c-b17a-57ccd3ba5bb0 ==============================
[0m06:17:58.731932 [info ] [MainThread]: Running with dbt=1.7.4
[0m06:17:58.735931 [debug] [MainThread]: running dbt with arguments {'printer_width': '80', 'indirect_selection': 'eager', 'write_json': 'True', 'log_cache_events': 'False', 'partial_parse': 'True', 'cache_selected_only': 'False', 'warn_error': 'None', 'version_check': 'True', 'profiles_dir': 'C:\\Users\\91982\\.dbt', 'log_path': 'logs', 'fail_fast': 'False', 'debug': 'False', 'use_colors': 'True', 'use_experimental_parser': 'False', 'no_print': 'None', 'quiet': 'False', 'log_format': 'default', 'invocation_command': 'dbt init', 'static_parser': 'True', 'introspect': 'True', 'target_path': 'None', 'warn_error_options': 'WarnErrorOptions(include=[], exclude=[])', 'send_anonymous_usage_stats': 'True'}
[0m06:18:46.218507 [debug] [MainThread]: Starter project path: C:\Users\91982\Desktop\DataProjects\Data-Engineering-Medallion-Architecture\venv\lib\site-packages\dbt\include\starter_project
[0m06:18:46.239391 [info ] [MainThread]: 
Your new dbt project "medallion_dbt_spark" was created!

For more information on how to configure the profiles.yml file,
please consult the dbt documentation here:

  https://docs.getdbt.com/docs/configure-your-profile

One more thing:

Need help? Don't hesitate to reach out to us via GitHub issues or on Slack:

  https://community.getdbt.com/

Happy modeling!

[0m06:18:46.241396 [info ] [MainThread]: Setting up your profile.
[0m06:22:16.192262 [info ] [MainThread]: Profile medallion_dbt_spark written to C:\Users\91982\.dbt\profiles.yml using target's profile_template.yml and your supplied values. Run 'dbt debug' to validate the connection.
[0m06:22:16.195816 [debug] [MainThread]: Command `dbt init` succeeded at 06:22:16.195816 after 257.59 seconds
[0m06:22:16.197816 [debug] [MainThread]: Sending event: {'category': 'dbt', 'action': 'invocation', 'label': 'end', 'context': [<snowplow_tracker.self_describing_json.SelfDescribingJson object at 0x0000026CE86CBEB0>, <snowplow_tracker.self_describing_json.SelfDescribingJson object at 0x0000026CEB666130>, <snowplow_tracker.self_describing_json.SelfDescribingJson object at 0x0000026CEB5CD4C0>]}
[0m06:22:16.198816 [debug] [MainThread]: Flushing usage events
[0m06:22:52.323897 [debug] [MainThread]: Sending event: {'category': 'dbt', 'action': 'invocation', 'label': 'start', 'context': [<snowplow_tracker.self_describing_json.SelfDescribingJson object at 0x000001BA1F1CC910>, <snowplow_tracker.self_describing_json.SelfDescribingJson object at 0x000001BA220CEA60>, <snowplow_tracker.self_describing_json.SelfDescribingJson object at 0x000001BA220CE130>]}


============================== 06:22:52.327308 | 3a66353a-5b28-44fc-9750-08f523994d55 ==============================
[0m06:22:52.327308 [info ] [MainThread]: Running with dbt=1.7.4
[0m06:22:52.329310 [debug] [MainThread]: running dbt with arguments {'printer_width': '80', 'indirect_selection': 'eager', 'log_cache_events': 'False', 'write_json': 'True', 'partial_parse': 'True', 'cache_selected_only': 'False', 'warn_error': 'None', 'version_check': 'True', 'profiles_dir': 'C:\\Users\\91982\\.dbt', 'log_path': 'logs', 'fail_fast': 'False', 'debug': 'False', 'use_colors': 'True', 'use_experimental_parser': 'False', 'no_print': 'None', 'quiet': 'False', 'log_format': 'default', 'invocation_command': 'dbt debug', 'static_parser': 'True', 'introspect': 'True', 'target_path': 'None', 'warn_error_options': 'WarnErrorOptions(include=[], exclude=[])', 'send_anonymous_usage_stats': 'True'}
[0m06:22:52.330343 [info ] [MainThread]: dbt version: 1.7.4
[0m06:22:52.331311 [info ] [MainThread]: python version: 3.9.18
[0m06:22:52.332307 [info ] [MainThread]: python path: C:\Users\91982\Desktop\DataProjects\Data-Engineering-Medallion-Architecture\venv\python.exe
[0m06:22:52.333899 [info ] [MainThread]: os info: Windows-10-10.0.22631-SP0
[0m06:22:53.627373 [info ] [MainThread]: target not specified in profile 'outputs', using 'default'
[0m06:22:53.629329 [error] [MainThread]: Encountered an error:
'str' object has no attribute 'get'
[0m06:22:53.632371 [error] [MainThread]: Traceback (most recent call last):
  File "C:\Users\91982\Desktop\DataProjects\Data-Engineering-Medallion-Architecture\venv\lib\site-packages\dbt\cli\requires.py", line 90, in wrapper
    result, success = func(*args, **kwargs)
  File "C:\Users\91982\Desktop\DataProjects\Data-Engineering-Medallion-Architecture\venv\lib\site-packages\dbt\cli\requires.py", line 75, in wrapper
    return func(*args, **kwargs)
  File "C:\Users\91982\Desktop\DataProjects\Data-Engineering-Medallion-Architecture\venv\lib\site-packages\dbt\cli\main.py", line 444, in debug
    results = task.run()
  File "C:\Users\91982\Desktop\DataProjects\Data-Engineering-Medallion-Architecture\venv\lib\site-packages\dbt\task\debug.py", line 123, in run
    load_profile_status: SubtaskStatus = self._load_profile()
  File "C:\Users\91982\Desktop\DataProjects\Data-Engineering-Medallion-Architecture\venv\lib\site-packages\dbt\task\debug.py", line 212, in _load_profile
    profile: Profile = Profile.render(
  File "C:\Users\91982\Desktop\DataProjects\Data-Engineering-Medallion-Architecture\venv\lib\site-packages\dbt\config\profile.py", line 436, in render
    return cls.from_raw_profiles(
  File "C:\Users\91982\Desktop\DataProjects\Data-Engineering-Medallion-Architecture\venv\lib\site-packages\dbt\config\profile.py", line 401, in from_raw_profiles
    return cls.from_raw_profile_info(
  File "C:\Users\91982\Desktop\DataProjects\Data-Engineering-Medallion-Architecture\venv\lib\site-packages\dbt\config\profile.py", line 343, in from_raw_profile_info
    user_config = raw_profile.get("config")
AttributeError: 'str' object has no attribute 'get'

[0m06:22:53.636883 [debug] [MainThread]: Command `dbt debug` failed at 06:22:53.636883 after 1.38 seconds
[0m06:22:53.637883 [debug] [MainThread]: Sending event: {'category': 'dbt', 'action': 'invocation', 'label': 'end', 'context': [<snowplow_tracker.self_describing_json.SelfDescribingJson object at 0x000001BA1F1CC910>, <snowplow_tracker.self_describing_json.SelfDescribingJson object at 0x000001BA220D8F70>, <snowplow_tracker.self_describing_json.SelfDescribingJson object at 0x000001BA3B1DB850>]}
[0m06:22:53.638882 [debug] [MainThread]: Flushing usage events
[0m06:27:38.749623 [debug] [MainThread]: Sending event: {'category': 'dbt', 'action': 'invocation', 'label': 'start', 'context': [<snowplow_tracker.self_describing_json.SelfDescribingJson object at 0x000002CD734FBEB0>, <snowplow_tracker.self_describing_json.SelfDescribingJson object at 0x000002CD7640BAC0>, <snowplow_tracker.self_describing_json.SelfDescribingJson object at 0x000002CD7640B3D0>]}


============================== 06:27:38.752667 | 26c12a6f-a952-48c8-8e12-7b2072cf0dad ==============================
[0m06:27:38.752667 [info ] [MainThread]: Running with dbt=1.7.4
[0m06:27:38.754622 [debug] [MainThread]: running dbt with arguments {'printer_width': '80', 'indirect_selection': 'eager', 'write_json': 'True', 'log_cache_events': 'False', 'partial_parse': 'True', 'cache_selected_only': 'False', 'profiles_dir': 'C:\\Users\\91982\\.dbt', 'version_check': 'True', 'fail_fast': 'False', 'log_path': 'logs', 'debug': 'False', 'warn_error': 'None', 'use_colors': 'True', 'use_experimental_parser': 'False', 'no_print': 'None', 'quiet': 'False', 'warn_error_options': 'WarnErrorOptions(include=[], exclude=[])', 'introspect': 'True', 'invocation_command': 'dbt debug', 'log_format': 'default', 'target_path': 'None', 'static_parser': 'True', 'send_anonymous_usage_stats': 'True'}
[0m06:27:38.755623 [info ] [MainThread]: dbt version: 1.7.4
[0m06:27:38.756623 [info ] [MainThread]: python version: 3.9.18
[0m06:27:38.757625 [info ] [MainThread]: python path: C:\Users\91982\Desktop\DataProjects\Data-Engineering-Medallion-Architecture\venv\python.exe
[0m06:27:38.758624 [info ] [MainThread]: os info: Windows-10-10.0.22631-SP0
[0m06:27:39.945282 [info ] [MainThread]: Using profiles dir at C:\Users\91982\.dbt
[0m06:27:39.946229 [info ] [MainThread]: Using profiles.yml file at C:\Users\91982\.dbt\profiles.yml
[0m06:27:39.947229 [info ] [MainThread]: Using dbt_project.yml file at C:\Users\91982\Desktop\DataProjects\Data-Engineering-Medallion-Architecture\dbt_project.yml
[0m06:27:39.949228 [info ] [MainThread]: adapter type: databricks
[0m06:27:39.950229 [info ] [MainThread]: adapter version: 1.7.3
[0m06:27:39.950943 [info ] [MainThread]: Configuration:
[0m06:27:39.951963 [info ] [MainThread]:   profiles.yml file [[32mOK found and valid[0m]
[0m06:27:39.952952 [info ] [MainThread]:   dbt_project.yml file [[31mERROR not found[0m]
[0m06:27:39.953953 [info ] [MainThread]: Required dependencies:
[0m06:27:39.955967 [debug] [MainThread]: Executing "git --help"
[0m06:27:39.991136 [debug] [MainThread]: STDOUT: "b"usage: git [-v | --version] [-h | --help] [-C <path>] [-c <name>=<value>]\n           [--exec-path[=<path>]] [--html-path] [--man-path] [--info-path]\n           [-p | --paginate | -P | --no-pager] [--no-replace-objects] [--bare]\n           [--git-dir=<path>] [--work-tree=<path>] [--namespace=<name>]\n           [--config-env=<name>=<envvar>] <command> [<args>]\n\nThese are common Git commands used in various situations:\n\nstart a working area (see also: git help tutorial)\n   clone     Clone a repository into a new directory\n   init      Create an empty Git repository or reinitialize an existing one\n\nwork on the current change (see also: git help everyday)\n   add       Add file contents to the index\n   mv        Move or rename a file, a directory, or a symlink\n   restore   Restore working tree files\n   rm        Remove files from the working tree and from the index\n\nexamine the history and state (see also: git help revisions)\n   bisect    Use binary search to find the commit that introduced a bug\n   diff      Show changes between commits, commit and working tree, etc\n   grep      Print lines matching a pattern\n   log       Show commit logs\n   show      Show various types of objects\n   status    Show the working tree status\n\ngrow, mark and tweak your common history\n   branch    List, create, or delete branches\n   commit    Record changes to the repository\n   merge     Join two or more development histories together\n   rebase    Reapply commits on top of another base tip\n   reset     Reset current HEAD to the specified state\n   switch    Switch branches\n   tag       Create, list, delete or verify a tag object signed with GPG\n\ncollaborate (see also: git help workflows)\n   fetch     Download objects and refs from another repository\n   pull      Fetch from and integrate with another repository or a local branch\n   push      Update remote refs along with associated objects\n\n'git help -a' and 'git help -g' list available subcommands and some\nconcept guides. See 'git help <command>' or 'git help <concept>'\nto read about a specific subcommand or concept.\nSee 'git help git' for an overview of the system.\n""
[0m06:27:39.992140 [debug] [MainThread]: STDERR: "b''"
[0m06:27:39.993181 [info ] [MainThread]:  - git [[32mOK found[0m]

[0m06:27:39.994160 [info ] [MainThread]: Connection:
[0m06:27:39.996138 [info ] [MainThread]:   host: adb-5985098886052489.9.azuredatabricks.net
[0m06:27:39.997190 [info ] [MainThread]:   http_path: sql/protocolv1/o/5985098886052489/1227-084901-8tg7l9zv
[0m06:27:39.998141 [info ] [MainThread]:   catalog: hive_metastore
[0m06:27:39.999138 [info ] [MainThread]:   schema: saleslt
[0m06:27:40.000183 [info ] [MainThread]: Registered adapter: databricks=1.7.3
[0m06:27:40.002140 [debug] [MainThread]: Databricks adapter: Creating DatabricksDBTConnection. name: debug, thread: (28336, 33068), compute: ``
[0m06:27:40.002140 [debug] [MainThread]: Acquiring new databricks connection 'debug'
[0m06:27:40.003139 [debug] [MainThread]: Databricks adapter: DatabricksDBTConnection._acquire: name: debug, thread: (28336, 33068), compute: ``, acquire_release_count: 0, idle time: 0s
[0m06:27:40.004139 [debug] [MainThread]: Databricks adapter: Thread (28336, 33068) using default compute resource.
[0m06:27:40.005137 [debug] [MainThread]: Using databricks connection "debug"
[0m06:27:40.006184 [debug] [MainThread]: On debug: select 1 as id
[0m06:27:40.006184 [debug] [MainThread]: Opening a new connection, currently in state init
[0m06:27:43.855698 [debug] [MainThread]: SQL status: OK in 3.8499999046325684 seconds
[0m06:27:43.857703 [debug] [MainThread]: Databricks adapter: DatabricksDBTConnection._release: name: debug, thread: (28336, 33068), compute: ``, acquire_release_count: 1, idle time: 0s
[0m06:27:43.858694 [info ] [MainThread]:   Connection test: [[32mOK connection ok[0m]

[0m06:27:43.859697 [info ] [MainThread]: [31m1 check failed:[0m
[0m06:27:43.861296 [info ] [MainThread]: Project loading failed for the following reason:
 project path <C:\Users\91982\Desktop\DataProjects\Data-Engineering-Medallion-Architecture\dbt_project.yml> not found

[0m06:27:43.863353 [debug] [MainThread]: Command `dbt debug` failed at 06:27:43.863353 after 5.18 seconds
[0m06:27:43.864353 [debug] [MainThread]: Connection 'debug' was properly closed.
[0m06:27:43.865354 [debug] [MainThread]: On debug: Close
[0m06:27:44.250718 [debug] [MainThread]: Sending event: {'category': 'dbt', 'action': 'invocation', 'label': 'end', 'context': [<snowplow_tracker.self_describing_json.SelfDescribingJson object at 0x000002CD734FBEB0>, <snowplow_tracker.self_describing_json.SelfDescribingJson object at 0x000002CD0F590100>, <snowplow_tracker.self_describing_json.SelfDescribingJson object at 0x000002CD0F5AF640>]}
[0m06:27:44.253718 [debug] [MainThread]: Flushing usage events
